GROUP,PACKAGE,CLASS,INSTRUCTION_MISSED,INSTRUCTION_COVERED,BRANCH_MISSED,BRANCH_COVERED,LINE_MISSED,LINE_COVERED,COMPLEXITY_MISSED,COMPLEXITY_COVERED,METHOD_MISSED,METHOD_COVERED
zooKeeper,zooKeeper,Fish,5,0,0,0,2,0,2,0,2,0
zooKeeper,zooKeeper,Main,4,0,0,0,2,0,2,0,2,0
zooKeeper,zooKeeper,Mammal,5,0,0,0,2,0,2,0,2,0
zooKeeper,zooKeeper,Animal,7,0,0,0,3,0,3,0,3,0
zooKeeper,zooKeeper,Bird,5,0,0,0,2,0,2,0,2,0
zooKeeper,zooKeeper,Pigeon,27,0,0,0,11,0,5,0,5,0
zooKeeper,zooKeeper,CatFish,121,0,8,0,45,0,16,0,12,0
zooKeeper,zooKeeper,Bat,27,0,2,0,12,0,6,0,5,0
zooKeeper,zooKeeper,Cat,266,0,8,0,93,0,24,0,20,0
