<?xml version="1.0" encoding="UTF-8" ?>
<testsuite tests="10" failures="0" name="runner.RunnerTest" time="0.226" errors="0" skipped="0">
  <properties>
[...]
</properties>
  <testcase classname="Bat eats In Day" name="It is night time, so bat eats" time="0.19"/>
  <testcase classname="Bat eats In Day" name="It is day time, so bat doesn&apos;t eat" time="0.004"/>
  <testcase classname="Cat Fish hunts" name="Cat Fish is hungry" time="0.005"/>
  <testcase classname="Cat Fish hunts" name="Cat Fish is not hungry" time="0.004"/>
  <testcase classname="Cat Swims Faster" name="Cat is not at max speed" time="0.004"/>
  <testcase classname="Cat Swims Faster" name="Cat is at max speed" time="0.003"/>
  <testcase classname="Pigeon eats for energy" name="Pigeon is full of energy and tries to eat worms" time="0.006"/>
  <testcase classname="Pigeon eats for energy" name="Pigeon is full of energy and tries to eat seeds" time="0.004"/>
  <testcase classname="Pigeon eats for energy" name="Pigeon is low on energy and tries to eat worms" time="0.003"/>
  <testcase classname="Pigeon eats for energy" name="Pigeon is low on energy and tries to eat seeds" time="0.003"/>
</testsuite>