<?xml version="1.0" encoding="UTF-8"?>
<testsuite xmlns:xsi="http://www.w3.org/2001/XMLSchema-instance" xsi:noNamespaceSchemaLocation="https://maven.apache.org/surefire/maven-surefire-plugin/xsd/surefire-test-report.xsd" name="runner.RunnerTest" time="0.226" tests="10" errors="0" skipped="0" failures="0">
  <properties>
[...]
</properties>
  <testcase name="It is night time, so bat eats" classname="runner.RunnerTest" time="0.103"/>
  <testcase name="It is day time, so bat doesn&apos;t eat" classname="runner.RunnerTest" time="0.005"/>
  <testcase name="Cat Fish is hungry" classname="runner.RunnerTest" time="0.004"/>
  <testcase name="Cat Fish is not hungry" classname="runner.RunnerTest" time="0.003"/>
  <testcase name="Cat is not at max speed" classname="runner.RunnerTest" time="0.005"/>
  <testcase name="Cat is at max speed" classname="runner.RunnerTest" time="0.004"/>
  <testcase name="Pigeon is full of energy and tries to eat worms" classname="runner.RunnerTest" time="0.004"/>
  <testcase name="Pigeon is full of energy and tries to eat seeds" classname="runner.RunnerTest" time="0.004"/>
  <testcase name="Pigeon is low on energy and tries to eat worms" classname="runner.RunnerTest" time="0.003"/>
  <testcase name="Pigeon is low on energy and tries to eat seeds" classname="runner.RunnerTest" time="0.003"/>
</testsuite>